0 info it worked if it ends with ok
1 verbose cli [ '/usr/bin/nodejs', '/usr/bin/npm', 'install', 'postgres' ]
2 info using npm@3.5.2
3 info using node@v4.2.6
4 silly loadCurrentTree Starting
5 silly install loadCurrentTree
6 silly install readLocalPackageData
7 silly fetchPackageMetaData postgres
8 silly fetchNamedPackageData postgres
9 silly mapToRegistry name postgres
10 silly mapToRegistry using default registry
11 silly mapToRegistry registry https://registry.npmjs.org/
12 silly mapToRegistry uri https://registry.npmjs.org/postgres
13 verbose request uri https://registry.npmjs.org/postgres
14 verbose request no auth needed
15 info attempt registry request try #1 at 3:19:03 PM
16 verbose request id 69434d14180aa449
17 http request GET https://registry.npmjs.org/postgres
18 http 200 https://registry.npmjs.org/postgres
19 verbose headers { server: 'nginx/1.10.1',
19 verbose headers   'content-type': 'application/json',
19 verbose headers   'last-modified': 'Tue, 29 Sep 2009 17:21:33 GMT',
19 verbose headers   etag: 'W/"4ac2421d-304"',
19 verbose headers   'content-encoding': 'gzip',
19 verbose headers   'cache-control': 'max-age=300',
19 verbose headers   'content-length': '417',
19 verbose headers   'accept-ranges': 'bytes',
19 verbose headers   date: 'Mon, 18 Sep 2017 12:19:03 GMT',
19 verbose headers   via: '1.1 varnish',
19 verbose headers   age: '0',
19 verbose headers   connection: 'keep-alive',
19 verbose headers   'x-served-by': 'cache-hhn1524-HHN',
19 verbose headers   'x-cache': 'MISS',
19 verbose headers   'x-cache-hits': '0',
19 verbose headers   'x-timer': 'S1505737144.529602,VS0,VE97',
19 verbose headers   vary: 'Accept-Encoding, Accept' }
20 silly get cb [ 200,
20 silly get   { server: 'nginx/1.10.1',
20 silly get     'content-type': 'application/json',
20 silly get     'last-modified': 'Tue, 29 Sep 2009 17:21:33 GMT',
20 silly get     etag: 'W/"4ac2421d-304"',
20 silly get     'content-encoding': 'gzip',
20 silly get     'cache-control': 'max-age=300',
20 silly get     'content-length': '417',
20 silly get     'accept-ranges': 'bytes',
20 silly get     date: 'Mon, 18 Sep 2017 12:19:03 GMT',
20 silly get     via: '1.1 varnish',
20 silly get     age: '0',
20 silly get     connection: 'keep-alive',
20 silly get     'x-served-by': 'cache-hhn1524-HHN',
20 silly get     'x-cache': 'MISS',
20 silly get     'x-cache-hits': '0',
20 silly get     'x-timer': 'S1505737144.529602,VS0,VE97',
20 silly get     vary: 'Accept-Encoding, Accept' } ]
21 verbose get saving postgres to /home/user/.npm/registry.npmjs.org/postgres/.cache.json
22 silly install normalizeTree
23 silly loadCurrentTree Finishing
24 silly loadIdealTree Starting
25 silly install loadIdealTree
26 silly cloneCurrentTree Starting
27 silly install cloneCurrentTreeToIdealTree
28 silly cloneCurrentTree Finishing
29 silly loadShrinkwrap Starting
30 silly install loadShrinkwrap
31 silly loadShrinkwrap Finishing
32 silly loadAllDepsIntoIdealTree Starting
33 silly install loadAllDepsIntoIdealTree
34 silly resolveWithNewModule postgres@0.0.1 checking installable status
35 silly cache add args [ 'postgres', null ]
36 verbose cache add spec postgres
37 silly cache add parsed spec Result {
37 silly cache add   raw: 'postgres',
37 silly cache add   scope: null,
37 silly cache add   name: 'postgres',
37 silly cache add   rawSpec: '',
37 silly cache add   spec: 'latest',
37 silly cache add   type: 'tag' }
38 silly addNamed postgres@latest
39 verbose addNamed "latest" is being treated as a dist-tag for postgres
40 info addNameTag [ 'postgres', 'latest' ]
41 silly mapToRegistry name postgres
42 silly mapToRegistry using default registry
43 silly mapToRegistry registry https://registry.npmjs.org/
44 silly mapToRegistry uri https://registry.npmjs.org/postgres
45 verbose addNameTag registry:https://registry.npmjs.org/postgres not in flight; fetching
46 verbose get https://registry.npmjs.org/postgres not expired, no request
47 silly addNameTag next cb for postgres with tag latest
48 silly addNamed postgres@0.0.1
49 verbose addNamed "0.0.1" is a plain semver version for postgres
50 silly mapToRegistry name postgres
51 silly mapToRegistry using default registry
52 silly mapToRegistry registry https://registry.npmjs.org/
53 silly mapToRegistry uri https://registry.npmjs.org/postgres
54 verbose addRemoteTarball https://registry.npmjs.org/postgres/-/postgres-0.0.1.tgz not in flight; adding
55 verbose addRemoteTarball [ 'https://registry.npmjs.org/postgres/-/postgres-0.0.1.tgz',
55 verbose addRemoteTarball   '93aecd0a7fcf620792bcc2c87a2ead432adaa833' ]
56 info retry fetch attempt 1 at 3:19:03 PM
57 info attempt registry request try #1 at 3:19:03 PM
58 http fetch GET https://registry.npmjs.org/postgres/-/postgres-0.0.1.tgz
59 http fetch 200 https://registry.npmjs.org/postgres/-/postgres-0.0.1.tgz
60 silly fetchAndShaCheck shasum 93aecd0a7fcf620792bcc2c87a2ead432adaa833
61 verbose addTmpTarball /tmp/npm-8791-6a81bd6e/registry.npmjs.org/postgres/-/postgres-0.0.1.tgz not in flight; adding
62 verbose addTmpTarball already have metadata; skipping unpack for postgres@0.0.1
63 silly cache afterAdd postgres@0.0.1
64 verbose afterAdd /home/user/.npm/postgres/0.0.1/package/package.json not in flight; writing
65 verbose afterAdd /home/user/.npm/postgres/0.0.1/package/package.json written
66 silly loadAllDepsIntoIdealTree Finishing
67 silly idealTree:prePrune test_project@1.0.0
67 silly idealTree:prePrune ├── accepts@1.3.4
67 silly idealTree:prePrune ├── array-flatten@1.1.1
67 silly idealTree:prePrune ├─┬ body-parser@1.18.1
67 silly idealTree:prePrune │ └── qs@6.5.1
67 silly idealTree:prePrune ├── buffer-writer@1.0.1
67 silly idealTree:prePrune ├── bytes@3.0.0
67 silly idealTree:prePrune ├── content-disposition@0.5.2
67 silly idealTree:prePrune ├── content-type@1.0.4
67 silly idealTree:prePrune ├── cookie-signature@1.0.6
67 silly idealTree:prePrune ├── cookie@0.3.1
67 silly idealTree:prePrune ├── debug@2.6.8
67 silly idealTree:prePrune ├── depd@1.1.1
67 silly idealTree:prePrune ├── destroy@1.0.4
67 silly idealTree:prePrune ├── ee-first@1.1.1
67 silly idealTree:prePrune ├── encodeurl@1.0.1
67 silly idealTree:prePrune ├── escape-html@1.0.3
67 silly idealTree:prePrune ├── etag@1.8.1
67 silly idealTree:prePrune ├── express@4.15.4
67 silly idealTree:prePrune ├── finalhandler@1.0.5
67 silly idealTree:prePrune ├── forwarded@0.1.2
67 silly idealTree:prePrune ├── fresh@0.5.0
67 silly idealTree:prePrune ├── http-errors@1.6.2
67 silly idealTree:prePrune ├── iconv-lite@0.4.19
67 silly idealTree:prePrune ├── inherits@2.0.3
67 silly idealTree:prePrune ├── ipaddr.js@1.4.0
67 silly idealTree:prePrune ├── js-string-escape@1.0.1
67 silly idealTree:prePrune ├── manakin@0.5.1
67 silly idealTree:prePrune ├── media-typer@0.3.0
67 silly idealTree:prePrune ├── merge-descriptors@1.0.1
67 silly idealTree:prePrune ├── methods@1.1.2
67 silly idealTree:prePrune ├── mime-db@1.30.0
67 silly idealTree:prePrune ├── mime-types@2.1.17
67 silly idealTree:prePrune ├── mime@1.3.4
67 silly idealTree:prePrune ├── ms@2.0.0
67 silly idealTree:prePrune ├── negotiator@0.6.1
67 silly idealTree:prePrune ├── on-finished@2.3.0
67 silly idealTree:prePrune ├── packet-reader@0.3.1
67 silly idealTree:prePrune ├── parseurl@1.3.2
67 silly idealTree:prePrune ├── path-to-regexp@0.1.7
67 silly idealTree:prePrune ├── pg-connection-string@0.1.3
67 silly idealTree:prePrune ├── pg-minify@0.5.3
67 silly idealTree:prePrune ├── pg-pool@2.0.3
67 silly idealTree:prePrune ├── pg-promise@6.7.1
67 silly idealTree:prePrune ├── pg-types@1.12.1
67 silly idealTree:prePrune ├── pg@7.3.0
67 silly idealTree:prePrune ├── pgpass@1.0.2
67 silly idealTree:prePrune ├── postgres-array@1.0.2
67 silly idealTree:prePrune ├── postgres-bytea@1.0.0
67 silly idealTree:prePrune ├── postgres-date@1.0.3
67 silly idealTree:prePrune ├── postgres-interval@1.1.1
67 silly idealTree:prePrune ├── postgres@0.0.1
67 silly idealTree:prePrune ├── proxy-addr@1.1.5
67 silly idealTree:prePrune ├── qs@6.5.0
67 silly idealTree:prePrune ├── range-parser@1.2.0
67 silly idealTree:prePrune ├── raw-body@2.3.2
67 silly idealTree:prePrune ├── semver@4.3.2
67 silly idealTree:prePrune ├── send@0.15.4
67 silly idealTree:prePrune ├── serve-static@1.12.4
67 silly idealTree:prePrune ├── setprototypeof@1.0.3
67 silly idealTree:prePrune ├── spex@1.2.0
67 silly idealTree:prePrune ├── split@1.0.1
67 silly idealTree:prePrune ├── statuses@1.3.1
67 silly idealTree:prePrune ├── through@2.3.8
67 silly idealTree:prePrune ├── type-is@1.6.15
67 silly idealTree:prePrune ├── unpipe@1.0.0
67 silly idealTree:prePrune ├── utils-merge@1.0.0
67 silly idealTree:prePrune ├── vary@1.1.1
67 silly idealTree:prePrune └── xtend@4.0.1
68 silly loadIdealTree Finishing
69 silly currentTree test_project@1.0.0
69 silly currentTree ├── accepts@1.3.4
69 silly currentTree ├── array-flatten@1.1.1
69 silly currentTree ├─┬ body-parser@1.18.1
69 silly currentTree │ └── qs@6.5.1
69 silly currentTree ├── buffer-writer@1.0.1
69 silly currentTree ├── bytes@3.0.0
69 silly currentTree ├── content-disposition@0.5.2
69 silly currentTree ├── content-type@1.0.4
69 silly currentTree ├── cookie-signature@1.0.6
69 silly currentTree ├── cookie@0.3.1
69 silly currentTree ├── debug@2.6.8
69 silly currentTree ├── depd@1.1.1
69 silly currentTree ├── destroy@1.0.4
69 silly currentTree ├── ee-first@1.1.1
69 silly currentTree ├── encodeurl@1.0.1
69 silly currentTree ├── escape-html@1.0.3
69 silly currentTree ├── etag@1.8.1
69 silly currentTree ├── express@4.15.4
69 silly currentTree ├── finalhandler@1.0.5
69 silly currentTree ├── forwarded@0.1.2
69 silly currentTree ├── fresh@0.5.0
69 silly currentTree ├── http-errors@1.6.2
69 silly currentTree ├── iconv-lite@0.4.19
69 silly currentTree ├── inherits@2.0.3
69 silly currentTree ├── ipaddr.js@1.4.0
69 silly currentTree ├── js-string-escape@1.0.1
69 silly currentTree ├── manakin@0.5.1
69 silly currentTree ├── media-typer@0.3.0
69 silly currentTree ├── merge-descriptors@1.0.1
69 silly currentTree ├── methods@1.1.2
69 silly currentTree ├── mime-db@1.30.0
69 silly currentTree ├── mime-types@2.1.17
69 silly currentTree ├── mime@1.3.4
69 silly currentTree ├── ms@2.0.0
69 silly currentTree ├── negotiator@0.6.1
69 silly currentTree ├── on-finished@2.3.0
69 silly currentTree ├── packet-reader@0.3.1
69 silly currentTree ├── parseurl@1.3.2
69 silly currentTree ├── path-to-regexp@0.1.7
69 silly currentTree ├── pg-connection-string@0.1.3
69 silly currentTree ├── pg-minify@0.5.3
69 silly currentTree ├── pg-pool@2.0.3
69 silly currentTree ├── pg-promise@6.7.1
69 silly currentTree ├── pg-types@1.12.1
69 silly currentTree ├── pg@7.3.0
69 silly currentTree ├── pgpass@1.0.2
69 silly currentTree ├── postgres-array@1.0.2
69 silly currentTree ├── postgres-bytea@1.0.0
69 silly currentTree ├── postgres-date@1.0.3
69 silly currentTree ├── postgres-interval@1.1.1
69 silly currentTree ├── proxy-addr@1.1.5
69 silly currentTree ├── qs@6.5.0
69 silly currentTree ├── range-parser@1.2.0
69 silly currentTree ├── raw-body@2.3.2
69 silly currentTree ├── semver@4.3.2
69 silly currentTree ├── send@0.15.4
69 silly currentTree ├── serve-static@1.12.4
69 silly currentTree ├── setprototypeof@1.0.3
69 silly currentTree ├── spex@1.2.0
69 silly currentTree ├── split@1.0.1
69 silly currentTree ├── statuses@1.3.1
69 silly currentTree ├── through@2.3.8
69 silly currentTree ├── type-is@1.6.15
69 silly currentTree ├── unpipe@1.0.0
69 silly currentTree ├── utils-merge@1.0.0
69 silly currentTree ├── vary@1.1.1
69 silly currentTree └── xtend@4.0.1
70 silly idealTree test_project@1.0.0
70 silly idealTree ├── accepts@1.3.4
70 silly idealTree ├── array-flatten@1.1.1
70 silly idealTree ├─┬ body-parser@1.18.1
70 silly idealTree │ └── qs@6.5.1
70 silly idealTree ├── buffer-writer@1.0.1
70 silly idealTree ├── bytes@3.0.0
70 silly idealTree ├── content-disposition@0.5.2
70 silly idealTree ├── content-type@1.0.4
70 silly idealTree ├── cookie-signature@1.0.6
70 silly idealTree ├── cookie@0.3.1
70 silly idealTree ├── debug@2.6.8
70 silly idealTree ├── depd@1.1.1
70 silly idealTree ├── destroy@1.0.4
70 silly idealTree ├── ee-first@1.1.1
70 silly idealTree ├── encodeurl@1.0.1
70 silly idealTree ├── escape-html@1.0.3
70 silly idealTree ├── etag@1.8.1
70 silly idealTree ├── express@4.15.4
70 silly idealTree ├── finalhandler@1.0.5
70 silly idealTree ├── forwarded@0.1.2
70 silly idealTree ├── fresh@0.5.0
70 silly idealTree ├── http-errors@1.6.2
70 silly idealTree ├── iconv-lite@0.4.19
70 silly idealTree ├── inherits@2.0.3
70 silly idealTree ├── ipaddr.js@1.4.0
70 silly idealTree ├── js-string-escape@1.0.1
70 silly idealTree ├── manakin@0.5.1
70 silly idealTree ├── media-typer@0.3.0
70 silly idealTree ├── merge-descriptors@1.0.1
70 silly idealTree ├── methods@1.1.2
70 silly idealTree ├── mime-db@1.30.0
70 silly idealTree ├── mime-types@2.1.17
70 silly idealTree ├── mime@1.3.4
70 silly idealTree ├── ms@2.0.0
70 silly idealTree ├── negotiator@0.6.1
70 silly idealTree ├── on-finished@2.3.0
70 silly idealTree ├── packet-reader@0.3.1
70 silly idealTree ├── parseurl@1.3.2
70 silly idealTree ├── path-to-regexp@0.1.7
70 silly idealTree ├── pg-connection-string@0.1.3
70 silly idealTree ├── pg-minify@0.5.3
70 silly idealTree ├── pg-pool@2.0.3
70 silly idealTree ├── pg-promise@6.7.1
70 silly idealTree ├── pg-types@1.12.1
70 silly idealTree ├── pg@7.3.0
70 silly idealTree ├── pgpass@1.0.2
70 silly idealTree ├── postgres-array@1.0.2
70 silly idealTree ├── postgres-bytea@1.0.0
70 silly idealTree ├── postgres-date@1.0.3
70 silly idealTree ├── postgres-interval@1.1.1
70 silly idealTree ├── postgres@0.0.1
70 silly idealTree ├── proxy-addr@1.1.5
70 silly idealTree ├── qs@6.5.0
70 silly idealTree ├── range-parser@1.2.0
70 silly idealTree ├── raw-body@2.3.2
70 silly idealTree ├── semver@4.3.2
70 silly idealTree ├── send@0.15.4
70 silly idealTree ├── serve-static@1.12.4
70 silly idealTree ├── setprototypeof@1.0.3
70 silly idealTree ├── spex@1.2.0
70 silly idealTree ├── split@1.0.1
70 silly idealTree ├── statuses@1.3.1
70 silly idealTree ├── through@2.3.8
70 silly idealTree ├── type-is@1.6.15
70 silly idealTree ├── unpipe@1.0.0
70 silly idealTree ├── utils-merge@1.0.0
70 silly idealTree ├── vary@1.1.1
70 silly idealTree └── xtend@4.0.1
71 silly generateActionsToTake Starting
72 silly install generateActionsToTake
73 silly generateActionsToTake Finishing
74 silly diffTrees action count 3
75 silly diffTrees update body-parser@1.18.1
76 silly diffTrees update pg-promise@6.7.1
77 silly diffTrees add postgres@0.0.1
78 silly decomposeActions action count 24
79 silly decomposeActions fetch body-parser@1.18.1
80 silly decomposeActions extract body-parser@1.18.1
81 silly decomposeActions test body-parser@1.18.1
82 silly decomposeActions preinstall body-parser@1.18.1
83 silly decomposeActions build body-parser@1.18.1
84 silly decomposeActions install body-parser@1.18.1
85 silly decomposeActions postinstall body-parser@1.18.1
86 silly decomposeActions finalize body-parser@1.18.1
87 silly decomposeActions fetch pg-promise@6.7.1
88 silly decomposeActions extract pg-promise@6.7.1
89 silly decomposeActions test pg-promise@6.7.1
90 silly decomposeActions preinstall pg-promise@6.7.1
91 silly decomposeActions build pg-promise@6.7.1
92 silly decomposeActions install pg-promise@6.7.1
93 silly decomposeActions postinstall pg-promise@6.7.1
94 silly decomposeActions finalize pg-promise@6.7.1
95 silly decomposeActions fetch postgres@0.0.1
96 silly decomposeActions extract postgres@0.0.1
97 silly decomposeActions test postgres@0.0.1
98 silly decomposeActions preinstall postgres@0.0.1
99 silly decomposeActions build postgres@0.0.1
100 silly decomposeActions install postgres@0.0.1
101 silly decomposeActions postinstall postgres@0.0.1
102 silly decomposeActions finalize postgres@0.0.1
103 silly executeActions Starting
104 silly install executeActions
105 silly doSerial global-install 0
106 silly doParallel fetch 3
107 verbose lock using /home/user/.npm/_locks/staging-9cb40f0425900f49.lock for /home/user/IdeaProjects/test_project/node_modules/.staging
108 silly doParallel extract 3
109 silly extract body-parser@1.18.1
110 silly extract pg-promise@6.7.1
111 silly extract postgres@0.0.1
112 verbose unbuild node_modules/.staging/body-parser-1dfecaa7
113 verbose unbuild node_modules/.staging/postgres-396891e8
114 verbose unbuild node_modules/.staging/pg-promise-a1c0a83b
115 silly gentlyRm /home/user/IdeaProjects/test_project/node_modules/.staging/body-parser-1dfecaa7 is being purged from base /home/user/IdeaProjects/test_project
116 verbose gentlyRm don't care about contents; nuking /home/user/IdeaProjects/test_project/node_modules/.staging/body-parser-1dfecaa7
117 silly gentlyRm /home/user/IdeaProjects/test_project/node_modules/.staging/postgres-396891e8 is being purged from base /home/user/IdeaProjects/test_project
118 verbose gentlyRm don't care about contents; nuking /home/user/IdeaProjects/test_project/node_modules/.staging/postgres-396891e8
119 silly gentlyRm /home/user/IdeaProjects/test_project/node_modules/.staging/pg-promise-a1c0a83b is being purged from base /home/user/IdeaProjects/test_project
120 verbose gentlyRm don't care about contents; nuking /home/user/IdeaProjects/test_project/node_modules/.staging/pg-promise-a1c0a83b
121 verbose tar unpack /home/user/.npm/body-parser/1.18.1/package.tgz
122 verbose tar unpacking to /home/user/IdeaProjects/test_project/node_modules/.staging/body-parser-1dfecaa7
123 silly gentlyRm /home/user/IdeaProjects/test_project/node_modules/.staging/body-parser-1dfecaa7 is being purged
124 verbose gentlyRm don't care about contents; nuking /home/user/IdeaProjects/test_project/node_modules/.staging/body-parser-1dfecaa7
125 verbose tar unpack /home/user/.npm/postgres/0.0.1/package.tgz
126 verbose tar unpacking to /home/user/IdeaProjects/test_project/node_modules/.staging/postgres-396891e8
127 silly gentlyRm /home/user/IdeaProjects/test_project/node_modules/.staging/postgres-396891e8 is being purged
128 verbose gentlyRm don't care about contents; nuking /home/user/IdeaProjects/test_project/node_modules/.staging/postgres-396891e8
129 verbose tar unpack /home/user/.npm/pg-promise/6.7.1/package.tgz
130 verbose tar unpacking to /home/user/IdeaProjects/test_project/node_modules/.staging/pg-promise-a1c0a83b
131 silly gentlyRm /home/user/IdeaProjects/test_project/node_modules/.staging/pg-promise-a1c0a83b is being purged
132 verbose gentlyRm don't care about contents; nuking /home/user/IdeaProjects/test_project/node_modules/.staging/pg-promise-a1c0a83b
133 silly gunzTarPerm modes [ '775', '664' ]
134 silly gunzTarPerm modes [ '775', '664' ]
135 silly gunzTarPerm modes [ '775', '664' ]
136 silly gunzTarPerm extractEntry package.json
137 silly gunzTarPerm modified mode [ 'package.json', 420, 436 ]
138 silly gunzTarPerm extractEntry
139 silly gunzTarPerm modified mode [ '', 493, 509 ]
140 silly gunzTarPerm extractEntry package.json
141 silly gunzTarPerm modified mode [ 'package.json', 438, 436 ]
142 silly gunzTarPerm extractEntry README.md
143 silly gunzTarPerm modified mode [ 'README.md', 420, 436 ]
144 silly gunzTarPerm extractEntry README.md
145 silly gunzTarPerm modified mode [ 'README.md', 438, 436 ]
146 silly gunzTarPerm extractEntry LICENSE
147 silly gunzTarPerm modified mode [ 'LICENSE', 420, 436 ]
148 silly gunzTarPerm extractEntry index.js
149 silly gunzTarPerm modified mode [ 'index.js', 420, 436 ]
150 silly gunzTarPerm extractEntry HISTORY.md
151 silly gunzTarPerm modified mode [ 'HISTORY.md', 420, 436 ]
152 silly gunzTarPerm extractEntry lib/read.js
153 silly gunzTarPerm modified mode [ 'lib/read.js', 420, 436 ]
154 silly gunzTarPerm extractEntry lib/types/json.js
155 silly gunzTarPerm modified mode [ 'lib/types/json.js', 420, 436 ]
156 silly gunzTarPerm extractEntry lib/types/raw.js
157 silly gunzTarPerm modified mode [ 'lib/types/raw.js', 420, 436 ]
158 silly gunzTarPerm extractEntry lib/types/text.js
159 silly gunzTarPerm modified mode [ 'lib/types/text.js', 420, 436 ]
160 silly gunzTarPerm extractEntry lib/types/urlencoded.js
161 silly gunzTarPerm modified mode [ 'lib/types/urlencoded.js', 420, 436 ]
162 silly gunzTarPerm extractEntry CHANGELOG.md
163 silly gunzTarPerm modified mode [ 'CHANGELOG.md', 438, 436 ]
164 silly gunzTarPerm extractEntry .gitignore
165 silly gunzTarPerm modified mode [ '.gitignore', 420, 436 ]
166 silly gunzTarPerm extractEntry ._.npmignore
167 silly gunzTarPerm modified mode [ '._.npmignore', 420, 436 ]
168 silly gunzTarPerm extractEntry .npmignore
169 silly gunzTarPerm modified mode [ '.npmignore', 420, 436 ]
170 silly gunzTarPerm extractEntry binding.cc
171 silly gunzTarPerm modified mode [ 'binding.cc', 420, 436 ]
172 silly gunzTarPerm extractEntry LICENSE-MIT
173 silly gunzTarPerm modified mode [ 'LICENSE-MIT', 420, 436 ]
174 silly gunzTarPerm extractEntry ._package.json
175 silly gunzTarPerm modified mode [ '._package.json', 420, 436 ]
176 silly gunzTarPerm extractEntry package.json
177 silly gunzTarPerm modified mode [ 'package.json', 420, 436 ]
178 silly gunzTarPerm extractEntry postgres.js
179 silly gunzTarPerm modified mode [ 'postgres.js', 420, 436 ]
180 silly gunzTarPerm extractEntry README
181 silly gunzTarPerm modified mode [ 'README', 420, 436 ]
182 silly gunzTarPerm extractEntry test.js
183 silly gunzTarPerm modified mode [ 'test.js', 420, 436 ]
184 silly gunzTarPerm extractEntry type-oids.h
185 silly gunzTarPerm modified mode [ 'type-oids.h', 420, 436 ]
186 silly gunzTarPerm extractEntry wscript
187 silly gunzTarPerm modified mode [ 'wscript', 420, 436 ]
188 silly gunzTarPerm extractEntry lib/adapter.js
189 silly gunzTarPerm modified mode [ 'lib/adapter.js', 438, 436 ]
190 silly gunzTarPerm extractEntry lib/events.js
191 silly gunzTarPerm modified mode [ 'lib/events.js', 438, 436 ]
192 silly gunzTarPerm extractEntry lib/formatting.js
193 silly gunzTarPerm modified mode [ 'lib/formatting.js', 438, 436 ]
194 silly gunzTarPerm extractEntry lib/text.js
195 silly gunzTarPerm modified mode [ 'lib/text.js', 438, 436 ]
196 silly gunzTarPerm extractEntry lib/txMode.js
197 silly gunzTarPerm modified mode [ 'lib/txMode.js', 438, 436 ]
198 silly gunzTarPerm extractEntry lib/main.js
199 silly gunzTarPerm modified mode [ 'lib/main.js', 438, 436 ]
200 silly gunzTarPerm extractEntry lib/async.js
201 silly gunzTarPerm modified mode [ 'lib/async.js', 438, 436 ]
202 silly gunzTarPerm extractEntry lib/promise.js
203 silly gunzTarPerm modified mode [ 'lib/promise.js', 438, 436 ]
204 silly gunzTarPerm extractEntry lib/query.js
205 silly gunzTarPerm modified mode [ 'lib/query.js', 438, 436 ]
206 silly gunzTarPerm extractEntry lib/queryFile.js
207 silly gunzTarPerm modified mode [ 'lib/queryFile.js', 438, 436 ]
208 silly gunzTarPerm extractEntry lib/dbPool.js
209 silly gunzTarPerm modified mode [ 'lib/dbPool.js', 438, 436 ]
210 silly gunzTarPerm extractEntry lib/result.js
211 silly gunzTarPerm modified mode [ 'lib/result.js', 438, 436 ]
212 silly gunzTarPerm extractEntry lib/database.js
213 silly gunzTarPerm modified mode [ 'lib/database.js', 438, 436 ]
214 silly gunzTarPerm extractEntry lib/special.js
215 silly gunzTarPerm modified mode [ 'lib/special.js', 438, 436 ]
216 silly gunzTarPerm extractEntry lib/connect.js
217 silly gunzTarPerm modified mode [ 'lib/connect.js', 438, 436 ]
218 silly gunzTarPerm extractEntry lib/stream.js
219 silly gunzTarPerm modified mode [ 'lib/stream.js', 438, 436 ]
220 silly gunzTarPerm extractEntry lib/cnContext.js
221 silly gunzTarPerm modified mode [ 'lib/cnContext.js', 438, 436 ]
222 silly gunzTarPerm extractEntry lib/task.js
223 silly gunzTarPerm modified mode [ 'lib/task.js', 438, 436 ]
224 silly gunzTarPerm extractEntry lib/index.js
225 silly gunzTarPerm modified mode [ 'lib/index.js', 438, 436 ]
226 silly gunzTarPerm extractEntry lib/patterns.js
227 silly gunzTarPerm modified mode [ 'lib/patterns.js', 438, 436 ]
228 silly gunzTarPerm extractEntry lib/helpers/README.md
229 silly gunzTarPerm modified mode [ 'lib/helpers/README.md', 438, 436 ]
230 silly gunzTarPerm extractEntry lib/helpers/column.js
231 silly gunzTarPerm modified mode [ 'lib/helpers/column.js', 438, 436 ]
232 silly gunzTarPerm extractEntry lib/helpers/columnSet.js
233 silly gunzTarPerm modified mode [ 'lib/helpers/columnSet.js', 438, 436 ]
234 silly gunzTarPerm extractEntry lib/helpers/index.js
235 silly gunzTarPerm modified mode [ 'lib/helpers/index.js', 438, 436 ]
236 silly gunzTarPerm extractEntry lib/helpers/tableName.js
237 silly gunzTarPerm modified mode [ 'lib/helpers/tableName.js', 438, 436 ]
238 silly gunzTarPerm extractEntry lib/helpers/methods/concat.js
239 silly gunzTarPerm modified mode [ 'lib/helpers/methods/concat.js', 438, 436 ]
240 silly gunzTarPerm extractEntry lib/helpers/methods/insert.js
241 silly gunzTarPerm modified mode [ 'lib/helpers/methods/insert.js', 438, 436 ]
242 silly gentlyRm /home/user/IdeaProjects/test_project/node_modules/.staging/body-parser-1dfecaa7/node_modules is being purged
243 verbose gentlyRm don't care about contents; nuking /home/user/IdeaProjects/test_project/node_modules/.staging/body-parser-1dfecaa7/node_modules
244 silly gunzTarPerm extractEntry lib/helpers/methods/sets.js
245 silly gunzTarPerm modified mode [ 'lib/helpers/methods/sets.js', 438, 436 ]
246 silly gunzTarPerm extractEntry lib/helpers/methods/update.js
247 silly gunzTarPerm modified mode [ 'lib/helpers/methods/update.js', 438, 436 ]
248 silly gentlyRm /home/user/IdeaProjects/test_project/node_modules/.staging/postgres-396891e8/node_modules is being purged
249 verbose gentlyRm don't care about contents; nuking /home/user/IdeaProjects/test_project/node_modules/.staging/postgres-396891e8/node_modules
250 silly gunzTarPerm extractEntry lib/helpers/methods/values.js
251 silly gunzTarPerm modified mode [ 'lib/helpers/methods/values.js', 438, 436 ]
252 silly gunzTarPerm extractEntry lib/errors/README.md
253 silly gunzTarPerm modified mode [ 'lib/errors/README.md', 438, 436 ]
254 silly gunzTarPerm extractEntry lib/errors/index.js
255 silly gunzTarPerm modified mode [ 'lib/errors/index.js', 438, 436 ]
256 silly gunzTarPerm extractEntry lib/errors/paramQuery.js
257 silly gunzTarPerm modified mode [ 'lib/errors/paramQuery.js', 438, 436 ]
258 silly gunzTarPerm extractEntry lib/errors/prepared.js
259 silly gunzTarPerm modified mode [ 'lib/errors/prepared.js', 438, 436 ]
260 silly gunzTarPerm extractEntry lib/errors/queryFile.js
261 silly gunzTarPerm modified mode [ 'lib/errors/queryFile.js', 438, 436 ]
262 silly gunzTarPerm extractEntry lib/errors/queryResult.js
263 silly gunzTarPerm modified mode [ 'lib/errors/queryResult.js', 438, 436 ]
264 silly gunzTarPerm extractEntry lib/types/index.js
265 silly gunzTarPerm modified mode [ 'lib/types/index.js', 438, 436 ]
266 silly gunzTarPerm extractEntry lib/types/parameterized.js
267 silly gunzTarPerm modified mode [ 'lib/types/parameterized.js', 438, 436 ]
268 silly gunzTarPerm extractEntry lib/types/prepared.js
269 silly gunzTarPerm modified mode [ 'lib/types/prepared.js', 438, 436 ]
270 silly gunzTarPerm extractEntry lib/utils/README.md
271 silly gunzTarPerm modified mode [ 'lib/utils/README.md', 438, 436 ]
272 silly gunzTarPerm extractEntry lib/utils/index.js
273 silly gunzTarPerm modified mode [ 'lib/utils/index.js', 438, 436 ]
274 silly gunzTarPerm extractEntry lib/utils/public.js
275 silly gunzTarPerm modified mode [ 'lib/utils/public.js', 438, 436 ]
276 silly gunzTarPerm extractEntry typescript/README.MD
277 silly gunzTarPerm modified mode [ 'typescript/README.MD', 438, 436 ]
278 silly gunzTarPerm extractEntry typescript/ext-promise.d.ts
279 silly gunzTarPerm modified mode [ 'typescript/ext-promise.d.ts', 438, 436 ]
280 silly gunzTarPerm extractEntry typescript/pg-promise.d.ts
281 silly gunzTarPerm modified mode [ 'typescript/pg-promise.d.ts', 438, 436 ]
282 silly gunzTarPerm extractEntry typescript/pg-subset.d.ts
283 silly gunzTarPerm modified mode [ 'typescript/pg-subset.d.ts', 438, 436 ]
284 silly gentlyRm /home/user/IdeaProjects/test_project/node_modules/.staging/pg-promise-a1c0a83b/node_modules is being purged
285 verbose gentlyRm don't care about contents; nuking /home/user/IdeaProjects/test_project/node_modules/.staging/pg-promise-a1c0a83b/node_modules
286 silly doParallel preinstall 3
287 silly preinstall body-parser@1.18.1 /home/user/IdeaProjects/test_project/node_modules/.staging/body-parser-1dfecaa7
288 info lifecycle body-parser@1.18.1~preinstall: body-parser@1.18.1
289 silly preinstall pg-promise@6.7.1 /home/user/IdeaProjects/test_project/node_modules/.staging/pg-promise-a1c0a83b
290 info lifecycle pg-promise@6.7.1~preinstall: pg-promise@6.7.1
291 silly preinstall postgres@0.0.1 /home/user/IdeaProjects/test_project/node_modules/.staging/postgres-396891e8
292 info lifecycle postgres@0.0.1~preinstall: postgres@0.0.1
293 silly lifecycle body-parser@1.18.1~preinstall: no script for preinstall, continuing
294 silly lifecycle pg-promise@6.7.1~preinstall: no script for preinstall, continuing
295 silly lifecycle postgres@0.0.1~preinstall: no script for preinstall, continuing
296 silly doReverseSerial remove 0
297 silly doSerial move 0
298 silly doSerial finalize 3
299 silly finalize /home/user/IdeaProjects/test_project/node_modules/body-parser
300 silly finalize /home/user/IdeaProjects/test_project/node_modules/pg-promise
301 silly finalize /home/user/IdeaProjects/test_project/node_modules/postgres
302 silly doSerial build 3
303 silly build body-parser@1.18.1
304 info linkStuff body-parser@1.18.1
305 silly linkStuff body-parser@1.18.1 has /home/user/IdeaProjects/test_project/node_modules as its parent node_modules
306 verbose linkBins body-parser@1.18.1
307 verbose linkMans body-parser@1.18.1
308 silly build pg-promise@6.7.1
309 info linkStuff pg-promise@6.7.1
310 silly linkStuff pg-promise@6.7.1 has /home/user/IdeaProjects/test_project/node_modules as its parent node_modules
311 verbose linkBins pg-promise@6.7.1
312 verbose linkMans pg-promise@6.7.1
313 silly build postgres@0.0.1
314 info linkStuff postgres@0.0.1
315 silly linkStuff postgres@0.0.1 has /home/user/IdeaProjects/test_project/node_modules as its parent node_modules
316 verbose linkBins postgres@0.0.1
317 verbose linkMans postgres@0.0.1
318 silly doSerial global-link 0
319 silly doParallel update-linked 0
320 silly doSerial install 3
321 silly install body-parser@1.18.1 /home/user/IdeaProjects/test_project/node_modules/.staging/body-parser-1dfecaa7
322 info lifecycle body-parser@1.18.1~install: body-parser@1.18.1
323 silly lifecycle body-parser@1.18.1~install: no script for install, continuing
324 silly install pg-promise@6.7.1 /home/user/IdeaProjects/test_project/node_modules/.staging/pg-promise-a1c0a83b
325 info lifecycle pg-promise@6.7.1~install: pg-promise@6.7.1
326 silly lifecycle pg-promise@6.7.1~install: no script for install, continuing
327 silly install postgres@0.0.1 /home/user/IdeaProjects/test_project/node_modules/.staging/postgres-396891e8
328 info lifecycle postgres@0.0.1~install: postgres@0.0.1
329 verbose lifecycle postgres@0.0.1~install: unsafe-perm in lifecycle true
330 verbose lifecycle postgres@0.0.1~install: PATH: /usr/share/npm/bin/node-gyp-bin:/home/user/IdeaProjects/test_project/node_modules/postgres/node_modules/.bin:/home/user/IdeaProjects/test_project/node_modules/.bin:/home/user/bin:/home/user/.local/bin:/usr/local/sbin:/usr/local/bin:/usr/sbin:/usr/bin:/sbin:/bin:/usr/games:/usr/local/games:/snap/bin:/usr/lib/jvm/java-8-oracle/bin:/usr/lib/jvm/java-8-oracle/db/bin:/usr/lib/jvm/java-8-oracle/jre/bin:/usr/lib/jvm/oracle_jdk8/bin:/usr/lib/jvm/oracle_jdk8/db/bin:/usr/lib/jvm/oracle_jdk8/jre/bin
331 verbose lifecycle postgres@0.0.1~install: CWD: /home/user/IdeaProjects/test_project/node_modules/postgres
332 silly lifecycle postgres@0.0.1~install: Args: [ '-c', 'node-waf configure build' ]
333 info lifecycle postgres@0.0.1~install: Failed to exec install script
334 verbose unlock done using /home/user/.npm/_locks/staging-9cb40f0425900f49.lock for /home/user/IdeaProjects/test_project/node_modules/.staging
335 silly rollbackFailedOptional Starting
336 silly rollbackFailedOptional Finishing
337 silly runTopLevelLifecycles Starting
338 silly runTopLevelLifecycles Finishing
339 silly install printInstalled
340 warn test_project@1.0.0 No description
341 verbose stack Error: postgres@0.0.1 install: `node-waf configure build`
341 verbose stack spawn ENOENT
341 verbose stack     at ChildProcess.<anonymous> (/usr/share/npm/lib/utils/spawn.js:17:16)
341 verbose stack     at emitTwo (events.js:87:13)
341 verbose stack     at ChildProcess.emit (events.js:172:7)
341 verbose stack     at maybeClose (internal/child_process.js:821:16)
341 verbose stack     at Process.ChildProcess._handle.onexit (internal/child_process.js:211:5)
342 verbose pkgid postgres@0.0.1
343 verbose cwd /home/user/IdeaProjects/test_project
344 error Linux 4.4.0-81-generic
345 error argv "/usr/bin/nodejs" "/usr/bin/npm" "install" "postgres"
346 error node v4.2.6
347 error npm  v3.5.2
348 error file sh
349 error code ELIFECYCLE
350 error errno ENOENT
351 error syscall spawn
352 error postgres@0.0.1 install: `node-waf configure build`
352 error spawn ENOENT
353 error Failed at the postgres@0.0.1 install script 'node-waf configure build'.
353 error Make sure you have the latest version of node.js and npm installed.
353 error If you do, this is most likely a problem with the postgres package,
353 error not with npm itself.
353 error Tell the author that this fails on your system:
353 error     node-waf configure build
353 error You can get information on how to open an issue for this project with:
353 error     npm bugs postgres
353 error Or if that isn't available, you can get their info via:
353 error     npm owner ls postgres
353 error There is likely additional logging output above.
354 verbose exit [ 1, true ]
